<?xml version="1.0" encoding="UTF-8"?>
<testsuite xmlns:xsi="http://www.w3.org/2001/XMLSchema-instance" xsi:noNamespaceSchemaLocation="https://maven.apache.org/surefire/maven-surefire-plugin/xsd/surefire-test-report.xsd" version="3.0.2" name="com.petsupplies.AchievementAttachmentVersioningTest" time="83.029" tests="1" errors="0" skipped="0" failures="0">
  <properties>
[...]
</properties>
  <testcase name="new_upload_creates_v2_keeps_v1_intact" classname="com.petsupplies.AchievementAttachmentVersioningTest" time="1.332">
    <system-out><![CDATA[23:37:26.413 [main] INFO org.testcontainers.images.PullPolicy -- Image pull policy will be performed by: DefaultPullPolicy()
23:37:26.434 [main] INFO org.testcontainers.utility.ImageNameSubstitutor -- Image name substitution will be performed by: DefaultImageNameSubstitutor (composite of 'ConfigurationFileImageNameSubstitutor' and 'PrefixingImageNameSubstitutor')
23:37:26.449 [main] INFO org.testcontainers.DockerClientFactory -- Testcontainers version: 1.21.3
23:37:26.840 [main] INFO org.testcontainers.dockerclient.DockerClientProviderStrategy -- Loaded org.testcontainers.dockerclient.NpipeSocketClientProviderStrategy from ~/.testcontainers.properties, will try it first
23:37:27.585 [main] INFO org.testcontainers.dockerclient.DockerClientProviderStrategy -- Found Docker environment with local Npipe socket (npipe:////./pipe/docker_engine)
23:37:27.587 [main] INFO org.testcontainers.DockerClientFactory -- Docker host IP address is localhost
23:37:27.641 [main] INFO org.testcontainers.DockerClientFactory -- Connected to docker: 
  Server Version: 28.4.0
  API Version: 1.51
  Operating System: Docker Desktop
  Total Memory: 7624 MB
  Labels: 
    com.docker.desktop.address=npipe://\\.\pipe\docker_cli
23:37:27.958 [main] INFO tc.testcontainers/ryuk:0.12.0 -- Creating container for image: testcontainers/ryuk:0.12.0
23:37:28.658 [main] INFO tc.testcontainers/ryuk:0.12.0 -- Container testcontainers/ryuk:0.12.0 is starting: 3dccd433206d1b47f083c6a01ed47bff8463435c6f53405b4a2e3a9c82662a89
23:37:30.436 [main] INFO tc.testcontainers/ryuk:0.12.0 -- Container testcontainers/ryuk:0.12.0 started in PT2.4778398S
23:37:30.460 [main] INFO org.testcontainers.utility.RyukResourceReaper -- Ryuk started - will monitor and terminate Testcontainers containers on JVM exit
23:37:30.461 [main] INFO org.testcontainers.DockerClientFactory -- Checking the system...
23:37:30.462 [main] INFO org.testcontainers.DockerClientFactory -- ?? Docker server version should be at least 1.6.0
23:37:30.466 [main] INFO tc.mysql:8.0 -- Creating container for image: mysql:8.0
23:37:30.927 [main] INFO tc.mysql:8.0 -- Container mysql:8.0 is starting: f8e0d0e5eeba2b235f57351780521991c743c73b6f7aeacda5f4f6a57e421e5f
23:37:31.636 [main] INFO tc.mysql:8.0 -- Waiting for database connection to become available at jdbc:mysql://localhost:65232/petsupplies using query 'SELECT 1'
23:38:15.944 [main] INFO tc.mysql:8.0 -- Container mysql:8.0 started in PT45.4774897S
23:38:15.945 [main] INFO tc.mysql:8.0 -- Container is started (JDBC URL: jdbc:mysql://localhost:65232/petsupplies)
23:38:15.961 [main] INFO org.testcontainers.ext.ScriptUtils -- Executing database script from testcontainers-init.sql
23:38:16.097 [main] INFO org.testcontainers.ext.ScriptUtils -- Executed database script from testcontainers-init.sql in 135 ms.
Standard Commons Logging discovery in action with spring-jcl: please remove commons-logging.jar from classpath in order to avoid potential conflicts
23:38:16.253 [main] INFO org.springframework.test.context.support.AnnotationConfigContextLoaderUtils -- Could not detect default configuration classes for test class [com.petsupplies.AchievementAttachmentVersioningTest]: AchievementAttachmentVersioningTest does not declare any static, non-private, non-final, nested classes annotated with @Configuration.
23:38:16.494 [main] INFO org.springframework.boot.test.context.SpringBootTestContextBootstrapper -- Found @SpringBootConfiguration com.petsupplies.Application for test class com.petsupplies.AchievementAttachmentVersioningTest

  .   ____          _            __ _ _
 /\\ / ___'_ __ _ _(_)_ __  __ _ \ \ \ \
( ( )\___ | '_ | '_| | '_ \/ _` | \ \ \ \
 \\/  ___)| |_)| | | | | || (_| |  ) ) ) )
  '  |____| .__|_| |_|_| |_\__, | / / / /
 =========|_|==============|___/=/_/_/_/

 :: Spring Boot ::                (v3.5.4)

2026-04-21T20:38:17.343Z INFO  [background-preinit] o.h.validator.internal.util.Version - HV000001: Hibernate Validator 8.0.2.Final
2026-04-21T20:38:17.407Z INFO  [main] c.p.AchievementAttachmentVersioningTest - Starting AchievementAttachmentVersioningTest using Java 17.0.11 with PID 19780 (started by lenovo in C:\Users\lenovo\Documents\Pet Supplies\TASK-20260318-16D874\repo)
2026-04-21T20:38:17.407Z INFO  [main] c.p.AchievementAttachmentVersioningTest - No active profile set, falling back to 1 default profile: "default"
2026-04-21T20:38:19.561Z INFO  [main] o.s.d.r.c.RepositoryConfigurationDelegate - Bootstrapping Spring Data JPA repositories in DEFAULT mode.
2026-04-21T20:38:19.805Z INFO  [main] o.s.d.r.c.RepositoryConfigurationDelegate - Finished Spring Data repository scanning in 215 ms. Found 27 JPA repository interfaces.
2026-04-21T20:38:21.573Z INFO  [main] org.flywaydb.core.FlywayExecutor - Database: jdbc:mysql://localhost:65232/petsupplies (MySQL 8.0)
2026-04-21T20:38:21.742Z INFO  [main] o.f.c.i.s.JdbcTableSchemaHistory - Schema history table `petsupplies`.`flyway_schema_history` does not exist yet
2026-04-21T20:38:21.751Z INFO  [main] o.f.core.internal.command.DbValidate - Successfully validated 15 migrations (execution time 00:00.070s)
2026-04-21T20:38:21.813Z INFO  [main] o.f.c.i.s.JdbcTableSchemaHistory - Creating Schema History table `petsupplies`.`flyway_schema_history` ...
2026-04-21T20:38:22.129Z INFO  [main] o.f.core.internal.command.DbMigrate - Current version of schema `petsupplies`: << Empty Schema >>
2026-04-21T20:38:22.153Z INFO  [main] o.f.core.internal.command.DbMigrate - Migrating schema `petsupplies` to version "1 - init"
2026-04-21T20:38:22.725Z INFO  [main] o.f.core.internal.command.DbMigrate - Migrating schema `petsupplies` to version "2 - audit log immutability grants"
2026-04-21T20:38:22.746Z WARN  [main] o.f.c.i.s.DefaultSqlScriptExecutor - DB: Trigger does not exist (SQL State: HY000 - Error Code: 1360)
2026-04-21T20:38:22.761Z WARN  [main] o.f.c.i.s.DefaultSqlScriptExecutor - DB: Trigger does not exist (SQL State: HY000 - Error Code: 1360)
2026-04-21T20:38:22.902Z INFO  [main] o.f.core.internal.command.DbMigrate - Migrating schema `petsupplies` to version "3 - merchant context"
2026-04-21T20:38:23.564Z INFO  [main] o.f.core.internal.command.DbMigrate - Migrating schema `petsupplies` to version "4 - product inventory"
2026-04-21T20:38:24.747Z INFO  [main] o.f.core.internal.command.DbMigrate - Migrating schema `petsupplies` to version "5 - category depth triggers"
2026-04-21T20:38:24.770Z WARN  [main] o.f.c.i.s.DefaultSqlScriptExecutor - DB: Trigger does not exist (SQL State: HY000 - Error Code: 1360)
2026-04-21T20:38:24.792Z WARN  [main] o.f.c.i.s.DefaultSqlScriptExecutor - DB: Trigger does not exist (SQL State: HY000 - Error Code: 1360)
2026-04-21T20:38:24.957Z INFO  [main] o.f.core.internal.command.DbMigrate - Migrating schema `petsupplies` to version "6 - messaging"
2026-04-21T20:38:25.996Z INFO  [main] o.f.core.internal.command.DbMigrate - Migrating schema `petsupplies` to version "7 - cooking and achievements"
2026-04-21T20:38:27.212Z INFO  [main] o.f.core.internal.command.DbMigrate - Migrating schema `petsupplies` to version "8 - reporting and approvals"
2026-04-21T20:38:27.749Z INFO  [main] o.f.core.internal.command.DbMigrate - Migrating schema `petsupplies` to version "9 - audit remediation"
2026-04-21T20:38:30.186Z INFO  [main] o.f.core.internal.command.DbMigrate - Migrating schema `petsupplies` to version "10 - prompt gap closure"
2026-04-21T20:38:32.162Z INFO  [main] o.f.core.internal.command.DbMigrate - Migrating schema `petsupplies` to version "11 - inventory alert system config seed"
2026-04-21T20:38:32.304Z INFO  [main] o.f.core.internal.command.DbMigrate - Migrating schema `petsupplies` to version "12 - attachment dedup per merchant"
2026-04-21T20:38:32.582Z INFO  [main] o.f.core.internal.command.DbMigrate - Migrating schema `petsupplies` to version "13 - cooking technique cards"
2026-04-21T20:38:33.360Z INFO  [main] o.f.core.internal.command.DbMigrate - Migrating schema `petsupplies` to version "14 - custom report definitions"
2026-04-21T20:38:34.117Z INFO  [main] o.f.core.internal.command.DbMigrate - Migrating schema `petsupplies` to version "15 - inventory logs"
2026-04-21T20:38:34.676Z INFO  [main] o.f.core.internal.command.DbMigrate - Successfully applied 15 migrations to schema `petsupplies`, now at version v15 (execution time 00:10.937s)
2026-04-21T20:38:35.053Z INFO  [main] o.h.jpa.internal.util.LogHelper - HHH000204: Processing PersistenceUnitInfo [name: default]
2026-04-21T20:38:35.376Z INFO  [main] org.hibernate.Version - HHH000412: Hibernate ORM core version 6.6.22.Final
2026-04-21T20:38:35.527Z INFO  [main] o.h.c.i.RegionFactoryInitiator - HHH000026: Second-level cache disabled
2026-04-21T20:38:36.100Z INFO  [main] o.s.o.j.p.SpringPersistenceUnitInfo - No LoadTimeWeaver setup: ignoring JPA class transformer
2026-04-21T20:38:36.176Z INFO  [main] com.zaxxer.hikari.HikariDataSource - HikariPool-1 - Starting...
2026-04-21T20:38:36.262Z INFO  [main] com.zaxxer.hikari.pool.HikariPool - HikariPool-1 - Added connection com.mysql.cj.jdbc.ConnectionImpl@57def953
2026-04-21T20:38:36.265Z INFO  [main] com.zaxxer.hikari.HikariDataSource - HikariPool-1 - Start completed.
2026-04-21T20:38:36.406Z INFO  [main] o.hibernate.orm.connections.pooling - HHH10001005: Database info:
	Database JDBC URL [Connecting through datasource 'HikariDataSource (HikariPool-1)']
	Database driver: undefined/unknown
	Database version: 8.0.45
	Autocommit mode: undefined/unknown
	Isolation level: undefined/unknown
	Minimum pool size: undefined/unknown
	Maximum pool size: undefined/unknown
2026-04-21T20:38:39.559Z INFO  [main] o.h.e.t.j.p.i.JtaPlatformInitiator - HHH000489: No JTA platform available (set 'hibernate.transaction.jta.platform' to enable JTA platform integration)
2026-04-21T20:38:39.641Z INFO  [main] o.s.o.j.LocalContainerEntityManagerFactoryBean - Initialized JPA EntityManagerFactory for persistence unit 'default'
2026-04-21T20:38:40.585Z INFO  [main] o.s.d.j.r.query.QueryEnhancerFactory - Hibernate is in classpath; If applicable, HQL parser will be used.
2026-04-21T20:38:44.577Z INFO  [main] o.s.s.c.a.a.c.InitializeAuthenticationProviderBeanManagerConfigurer$InitializeAuthenticationProviderManagerConfigurer - Global AuthenticationManager configured with AuthenticationProvider bean with name authenticationProvider
2026-04-21T20:38:44.578Z WARN  [main] o.s.s.c.a.a.c.InitializeUserDetailsBeanManagerConfigurer$InitializeUserDetailsManagerConfigurer - Global AuthenticationManager configured with an AuthenticationProvider bean. UserDetailsService beans will not be used by Spring Security for automatically configuring username/password login. Consider removing the AuthenticationProvider bean. Alternatively, consider using the UserDetailsService in a manually instantiated DaoAuthenticationProvider. If the current configuration is intentional, to turn off this warning, increase the logging level of 'org.springframework.security.config.annotation.authentication.configuration.InitializeUserDetailsBeanManagerConfigurer' to ERROR
2026-04-21T20:38:45.833Z INFO  [main] o.s.b.a.e.web.EndpointLinksResolver - Exposing 2 endpoints beneath base path '/actuator'
2026-04-21T20:38:47.488Z INFO  [main] o.s.m.s.b.SimpleBrokerMessageHandler - Starting...
2026-04-21T20:38:47.491Z INFO  [main] o.s.m.s.b.SimpleBrokerMessageHandler - BrokerAvailabilityEvent[available=true, SimpleBrokerMessageHandler [org.springframework.messaging.simp.broker.DefaultSubscriptionRegistry@26aeeac9]]
2026-04-21T20:38:47.493Z INFO  [main] o.s.m.s.b.SimpleBrokerMessageHandler - Started.
2026-04-21T20:38:47.544Z INFO  [main] c.p.AchievementAttachmentVersioningTest - Started AchievementAttachmentVersioningTest in 30.777 seconds (process running for 82.48)
]]></system-out>
  </testcase>
</testsuite>